0 info it worked if it ends with ok
1 verbose cli [
1 verbose cli   'C:\\Program Files\\nodejs\\node.exe',
1 verbose cli   'C:\\Users\\Sonu Sharma\\AppData\\Roaming\\npm\\node_modules\\npm\\bin\\npm-cli.js',
1 verbose cli   'install',
1 verbose cli   '-g',
1 verbose cli   'npm@latest'
1 verbose cli ]
2 info using npm@3.10.10
3 info using node@v18.18.2
4 silly loadCurrentTree Starting
5 silly install loadCurrentTree
6 silly install readGlobalPackageData
7 silly fetchPackageMetaData npm@latest
8 silly fetchNamedPackageData npm
9 silly mapToRegistry name npm
10 silly mapToRegistry using default registry
11 silly mapToRegistry registry https://registry.npmjs.org/
12 silly mapToRegistry data Result {
12 silly mapToRegistry   raw: 'npm',
12 silly mapToRegistry   scope: null,
12 silly mapToRegistry   escapedName: 'npm',
12 silly mapToRegistry   name: 'npm',
12 silly mapToRegistry   rawSpec: '',
12 silly mapToRegistry   spec: 'latest',
12 silly mapToRegistry   type: 'tag'
12 silly mapToRegistry }
13 silly mapToRegistry uri https://registry.npmjs.org/npm
14 verbose request uri https://registry.npmjs.org/npm
15 verbose request no auth needed
16 info attempt registry request try #1 at 10:58:22 PM
17 verbose request id 718d01f1ea6fa4f1
18 http request GET https://registry.npmjs.org/npm
19 http 200 https://registry.npmjs.org/npm
20 verbose headers {
20 verbose headers   date: 'Sun, 06 Oct 2024 17:28:21 GMT',
20 verbose headers   'content-type': 'application/json',
20 verbose headers   'transfer-encoding': 'chunked',
20 verbose headers   connection: 'keep-alive',
20 verbose headers   'cf-ray': '8ce75e0f98214055-BOM',
20 verbose headers   'cf-cache-status': 'HIT',
20 verbose headers   'access-control-allow-origin': '*',
20 verbose headers   age: '112',
20 verbose headers   'cache-control': 'public, max-age=300',
20 verbose headers   etag: 'W/"d71dd06cf2b39c510c0c9ca84908421b"',
20 verbose headers   'last-modified': 'Thu, 03 Oct 2024 17:55:30 GMT',
20 verbose headers   vary: 'accept-encoding, accept',
20 verbose headers   server: 'cloudflare',
20 verbose headers   'content-encoding': 'gzip'
20 verbose headers }
21 silly get cb [
21 silly get   200,
21 silly get   {
21 silly get     date: 'Sun, 06 Oct 2024 17:28:21 GMT',
21 silly get     'content-type': 'application/json',
21 silly get     'transfer-encoding': 'chunked',
21 silly get     connection: 'keep-alive',
21 silly get     'cf-ray': '8ce75e0f98214055-BOM',
21 silly get     'cf-cache-status': 'HIT',
21 silly get     'access-control-allow-origin': '*',
21 silly get     age: '112',
21 silly get     'cache-control': 'public, max-age=300',
21 silly get     etag: 'W/"d71dd06cf2b39c510c0c9ca84908421b"',
21 silly get     'last-modified': 'Thu, 03 Oct 2024 17:55:30 GMT',
21 silly get     vary: 'accept-encoding, accept',
21 silly get     server: 'cloudflare',
21 silly get     'content-encoding': 'gzip'
21 silly get   }
21 silly get ]
22 verbose get saving npm to C:\Users\Sonu Sharma\AppData\Roaming\npm-cache\registry.npmjs.org\npm\.cache.json
23 verbose correctMkdir C:\Users\Sonu Sharma\AppData\Roaming\npm-cache correctMkdir not in flight; initializing
24 verbose makeDirectory C:\Users\Sonu Sharma\AppData\Roaming\npm-cache creation not in flight; initializing
25 verbose makeCacheDir UID & GID are irrelevant on win32
26 verbose stack TypeError: cb.apply is not a function
26 verbose stack     at C:\Users\Sonu Sharma\AppData\Roaming\npm\node_modules\npm\node_modules\graceful-fs\polyfills.js:267:18
26 verbose stack     at FSReqCallback.oncomplete (node:fs:211:5)
27 verbose cwd D:\My_Portfolio
28 error Windows_NT 10.0.19045
29 error argv "C:\\Program Files\\nodejs\\node.exe" "C:\\Users\\Sonu Sharma\\AppData\\Roaming\\npm\\node_modules\\npm\\bin\\npm-cli.js" "install" "-g" "npm@latest"
30 error node v18.18.2
31 error npm  v3.10.10
32 error cb.apply is not a function
33 error If you need help, you may report this error at:
33 error     <https://github.com/npm/npm/issues>
34 verbose exit [ 1, true ]
